This file contains any messages produced by compilers while
running configure, to aid debugging if configure makes a mistake.

It was created by tslib configure 0.0.2, which was
generated by GNU Autoconf 2.61.  Invocation command line was

  $ ./configure --host=arm-linux --cache-file=arm-linux.cache --prefix=/opt/FriendlyARM/mini2440/first_fs/my_drv/11th_ts/tslib/tmp

## --------- ##
## Platform. ##
## --------- ##

hostname = shady
uname -m = i686
uname -r = 2.6.25-14.fc9.i686
uname -s = Linux
uname -v = #1 SMP Thu May 1 06:28:41 EDT 2008

/usr/bin/uname -p = unknown
/bin/uname -X     = unknown

/bin/arch              = i686
/usr/bin/arch -k       = unknown
/usr/convex/getsysinfo = unknown
/usr/bin/hostinfo      = unknown
/bin/machine           = unknown
/usr/bin/oslevel       = unknown
/bin/universe          = unknown

PATH: /usr/kerberos/sbin
PATH: /usr/kerberos/bin
PATH: /usr/lib/ccache
PATH: /usr/local/sbin
PATH: /usr/local/bin
PATH: /sbin
PATH: /bin
PATH: /usr/sbin
PATH: /usr/bin
PATH: /usr/local/arm/3.4.1/bin/
PATH: /root/bin


## ----------- ##
## Core tests. ##
## ----------- ##

configure:1901: loading cache arm-linux.cache
configure:2041: checking for a BSD-compatible install
configure:2097: result: /usr/bin/install -c
configure:2108: checking whether build environment is sane
configure:2151: result: yes
configure:2179: checking for a thread-safe mkdir -p
configure:2218: result: /bin/mkdir -p
configure:2231: checking for gawk
configure:2247: found /bin/gawk
configure:2258: result: gawk
configure:2269: checking whether make sets $(MAKE)
configure:2290: result: yes
configure:2370: checking for arm-linux-strip
configure:2386: found /usr/local/arm/3.4.1/bin//arm-linux-strip
configure:2397: result: arm-linux-strip
configure:2507: checking for arm-linux-g++
configure:2523: found /usr/local/arm/3.4.1/bin//arm-linux-g++
configure:2534: result: arm-linux-g++
configure:2609: checking for C++ compiler version
configure:2616: arm-linux-g++ --version >&5
arm-linux-g++ (GCC) 3.4.1
Copyright (C) 2004 Free Software Foundation, Inc.
This is free software; see the source for copying conditions.  There is NO
warranty; not even for MERCHANTABILITY or FITNESS FOR A PARTICULAR PURPOSE.

configure:2619: $? = 0
configure:2626: arm-linux-g++ -v >&5
Reading specs from /usr/local/arm/3.4.1/bin/../lib/gcc/arm-linux/3.4.1/specs
Configured with: /opt/crosstool/crosstool-0.28/build/arm-linux/gcc-3.4.1-glibc-2.3.2/gcc-3.4.1/configure --target=arm-linux --host=i686-host_pc-linux-gnu --prefix=/opt/crosstool/arm-linux/gcc-3.4.1-glibc-2.3.2 --with-float=soft --with-headers=/opt/crosstool/arm-linux/gcc-3.4.1-glibc-2.3.2/arm-linux/include --with-local-prefix=/opt/crosstool/arm-linux/gcc-3.4.1-glibc-2.3.2/arm-linux --disable-nls --enable-threads=posix --enable-symvers=gnu --enable-__cxa_atexit --enable-languages=c,c++ --enable-shared --enable-c99 --enable-long-long
Thread model: posix
gcc version 3.4.1
configure:2629: $? = 0
configure:2636: arm-linux-g++ -V >&5
arm-linux-g++: `-V' option must have argument
configure:2639: $? = 1
configure:2662: checking for C++ compiler default output file name
configure:2689: arm-linux-g++    conftest.cpp  >&5
configure:2692: $? = 0
configure:2730: result: a.out
configure:2747: checking whether the C++ compiler works
configure:2757: ./a.out
./configure: line 2758: ./a.out: cannot execute binary file
configure:2760: $? = 126
configure:2777: result: yes
configure:2784: checking whether we are cross compiling
configure:2786: result: yes
configure:2789: checking for suffix of executables
configure:2796: arm-linux-g++ -o conftest    conftest.cpp  >&5
configure:2799: $? = 0
configure:2823: result: 
configure:2829: checking for suffix of object files
configure:2855: arm-linux-g++ -c   conftest.cpp >&5
configure:2858: $? = 0
configure:2881: result: o
configure:2885: checking whether we are using the GNU C++ compiler
configure:2914: arm-linux-g++ -c   conftest.cpp >&5
configure:2920: $? = 0
configure:2937: result: yes
configure:2942: checking whether arm-linux-g++ accepts -g
configure:2972: arm-linux-g++ -c -g  conftest.cpp >&5
configure:2978: $? = 0
configure:3077: result: yes
configure:3111: checking for style of include used by make
configure:3139: result: GNU
configure:3164: checking dependency style of arm-linux-g++
configure:3255: result: gcc3
configure:3278: checking for arm-linux-gcc
configure:3294: found /usr/local/arm/3.4.1/bin//arm-linux-gcc
configure:3305: result: arm-linux-gcc
configure:3583: checking for C compiler version
configure:3590: arm-linux-gcc --version >&5
arm-linux-gcc (GCC) 3.4.1
Copyright (C) 2004 Free Software Foundation, Inc.
This is free software; see the source for copying conditions.  There is NO
warranty; not even for MERCHANTABILITY or FITNESS FOR A PARTICULAR PURPOSE.

configure:3593: $? = 0
configure:3600: arm-linux-gcc -v >&5
Reading specs from /usr/local/arm/3.4.1/bin/../lib/gcc/arm-linux/3.4.1/specs
Configured with: /opt/crosstool/crosstool-0.28/build/arm-linux/gcc-3.4.1-glibc-2.3.2/gcc-3.4.1/configure --target=arm-linux --host=i686-host_pc-linux-gnu --prefix=/opt/crosstool/arm-linux/gcc-3.4.1-glibc-2.3.2 --with-float=soft --with-headers=/opt/crosstool/arm-linux/gcc-3.4.1-glibc-2.3.2/arm-linux/include --with-local-prefix=/opt/crosstool/arm-linux/gcc-3.4.1-glibc-2.3.2/arm-linux --disable-nls --enable-threads=posix --enable-symvers=gnu --enable-__cxa_atexit --enable-languages=c,c++ --enable-shared --enable-c99 --enable-long-long
Thread model: posix
gcc version 3.4.1
configure:3603: $? = 0
configure:3610: arm-linux-gcc -V >&5
arm-linux-gcc: `-V' option must have argument
configure:3613: $? = 1
configure:3616: checking whether we are using the GNU C compiler
configure:3645: arm-linux-gcc -c -O2 -Wall -W  conftest.c >&5
configure:3651: $? = 0
configure:3668: result: yes
configure:3673: checking whether arm-linux-gcc accepts -g
configure:3703: arm-linux-gcc -c -g  conftest.c >&5
configure:3709: $? = 0
configure:3808: result: yes
configure:3825: checking for arm-linux-gcc option to accept ISO C89
configure:3899: arm-linux-gcc  -c -O2 -Wall -W  conftest.c >&5
configure:3905: $? = 0
configure:3928: result: none needed
configure:3948: checking dependency style of arm-linux-gcc
configure:4039: result: gcc3
configure:4059: checking how to run the C preprocessor
configure:4099: arm-linux-gcc -E  conftest.c
configure:4105: $? = 0
configure:4136: arm-linux-gcc -E  conftest.c
conftest.c:10:28: ac_nonexistent.h: No such file or directory
configure:4142: $? = 1
configure: failed program was:
| /* confdefs.h.  */
| #define PACKAGE_NAME "tslib"
| #define PACKAGE_TARNAME "tslib"
| #define PACKAGE_VERSION "0.0.2"
| #define PACKAGE_STRING "tslib 0.0.2"
| #define PACKAGE_BUGREPORT "kergoth@handhelds.org"
| #define PACKAGE "tslib"
| #define VERSION "0.0.2"
| /* end confdefs.h.  */
| #include <ac_nonexistent.h>
configure:4175: result: arm-linux-gcc -E
configure:4204: arm-linux-gcc -E  conftest.c
configure:4210: $? = 0
configure:4241: arm-linux-gcc -E  conftest.c
conftest.c:10:28: ac_nonexistent.h: No such file or directory
configure:4247: $? = 1
configure: failed program was:
| /* confdefs.h.  */
| #define PACKAGE_NAME "tslib"
| #define PACKAGE_TARNAME "tslib"
| #define PACKAGE_VERSION "0.0.2"
| #define PACKAGE_STRING "tslib 0.0.2"
| #define PACKAGE_BUGREPORT "kergoth@handhelds.org"
| #define PACKAGE "tslib"
| #define VERSION "0.0.2"
| /* end confdefs.h.  */
| #include <ac_nonexistent.h>
configure:4288: checking whether the C compiler supports -fvisibility=hidden
configure:4315: arm-linux-gcc -c -fvisibility=hidden -O2 -Wall -W  conftest.c >&5
cc1: error: unrecognized command line option "-fvisibility=hidden"
configure:4321: $? = 1
configure: failed program was:
| /* confdefs.h.  */
| #define PACKAGE_NAME "tslib"
| #define PACKAGE_TARNAME "tslib"
| #define PACKAGE_VERSION "0.0.2"
| #define PACKAGE_STRING "tslib 0.0.2"
| #define PACKAGE_BUGREPORT "kergoth@handhelds.org"
| #define PACKAGE "tslib"
| #define VERSION "0.0.2"
| /* end confdefs.h.  */
| 
| int
| main ()
| {
| 
|   ;
|   return 0;
| }
configure:4337: result: no
configure:4345: checking whether to use -fvisibility=hidden
configure:4362: result: no
configure:4380: checking for a BSD-compatible install
configure:4436: result: /usr/bin/install -c
configure:4447: checking whether ln -s works
configure:4451: result: yes
configure:4458: checking whether make sets $(MAKE)
configure:4479: result: yes
configure:4569: checking build system type
configure:4587: result: i686-pc-linux-gnu
configure:4609: checking host system type
configure:4624: result: arm-unknown-linux-gnu
configure:4646: checking for a sed that does not truncate output
configure:4702: result: /bin/sed
configure:4705: checking for grep that handles long lines and -e
configure:4779: result: /bin/grep
configure:4784: checking for egrep
configure:4862: result: /bin/grep -E
configure:4878: checking for ld used by arm-linux-gcc
configure:4945: result: /usr/local/arm/3.4.1/arm-linux/bin/ld
configure:4954: checking if the linker (/usr/local/arm/3.4.1/arm-linux/bin/ld) is GNU ld
configure:4969: result: yes
configure:4974: checking for /usr/local/arm/3.4.1/arm-linux/bin/ld option to reload object files
configure:4981: result: -r
configure:4999: checking for BSD-compatible nm
configure:5048: result: /usr/local/arm/3.4.1/bin//arm-linux-nm -B
configure:5052: checking how to recognize dependent libraries
configure:5238: result: pass_all
configure:5475: checking for ANSI C header files
configure:5505: arm-linux-gcc -c -O2 -Wall -W  conftest.c >&5
configure:5511: $? = 0
configure:5639: result: yes
configure:5663: checking for sys/types.h
configure:5684: arm-linux-gcc -c -O2 -Wall -W  conftest.c >&5
configure:5690: $? = 0
configure:5706: result: yes
configure:5663: checking for sys/stat.h
configure:5684: arm-linux-gcc -c -O2 -Wall -W  conftest.c >&5
configure:5690: $? = 0
configure:5706: result: yes
configure:5663: checking for stdlib.h
configure:5684: arm-linux-gcc -c -O2 -Wall -W  conftest.c >&5
configure:5690: $? = 0
configure:5706: result: yes
configure:5663: checking for string.h
configure:5684: arm-linux-gcc -c -O2 -Wall -W  conftest.c >&5
configure:5690: $? = 0
configure:5706: result: yes
configure:5663: checking for memory.h
configure:5684: arm-linux-gcc -c -O2 -Wall -W  conftest.c >&5
configure:5690: $? = 0
configure:5706: result: yes
configure:5663: checking for strings.h
configure:5684: arm-linux-gcc -c -O2 -Wall -W  conftest.c >&5
configure:5690: $? = 0
configure:5706: result: yes
configure:5663: checking for inttypes.h
configure:5684: arm-linux-gcc -c -O2 -Wall -W  conftest.c >&5
configure:5690: $? = 0
configure:5706: result: yes
configure:5663: checking for stdint.h
configure:5684: arm-linux-gcc -c -O2 -Wall -W  conftest.c >&5
configure:5690: $? = 0
configure:5706: result: yes
configure:5663: checking for unistd.h
configure:5684: arm-linux-gcc -c -O2 -Wall -W  conftest.c >&5
configure:5690: $? = 0
configure:5706: result: yes
configure:5733: checking dlfcn.h usability
configure:5750: arm-linux-gcc -c -O2 -Wall -W  conftest.c >&5
configure:5756: $? = 0
configure:5770: result: yes
configure:5774: checking dlfcn.h presence
configure:5789: arm-linux-gcc -E  conftest.c
configure:5795: $? = 0
configure:5809: result: yes
configure:5842: checking for dlfcn.h
configure:5850: result: yes
configure:5873: checking how to run the C++ preprocessor
configure:5909: arm-linux-g++ -E  conftest.cpp
configure:5915: $? = 0
configure:5946: arm-linux-g++ -E  conftest.cpp
conftest.cpp:21:28: ac_nonexistent.h: No such file or directory
configure:5952: $? = 1
configure: failed program was:
| /* confdefs.h.  */
| #define PACKAGE_NAME "tslib"
| #define PACKAGE_TARNAME "tslib"
| #define PACKAGE_VERSION "0.0.2"
| #define PACKAGE_STRING "tslib 0.0.2"
| #define PACKAGE_BUGREPORT "kergoth@handhelds.org"
| #define PACKAGE "tslib"
| #define VERSION "0.0.2"
| #define STDC_HEADERS 1
| #define HAVE_SYS_TYPES_H 1
| #define HAVE_SYS_STAT_H 1
| #define HAVE_STDLIB_H 1
| #define HAVE_STRING_H 1
| #define HAVE_MEMORY_H 1
| #define HAVE_STRINGS_H 1
| #define HAVE_INTTYPES_H 1
| #define HAVE_STDINT_H 1
| #define HAVE_UNISTD_H 1
| #define HAVE_DLFCN_H 1
| /* end confdefs.h.  */
| #include <ac_nonexistent.h>
configure:5985: result: arm-linux-g++ -E
configure:6014: arm-linux-g++ -E  conftest.cpp
configure:6020: $? = 0
configure:6051: arm-linux-g++ -E  conftest.cpp
conftest.cpp:21:28: ac_nonexistent.h: No such file or directory
configure:6057: $? = 1
configure: failed program was:
| /* confdefs.h.  */
| #define PACKAGE_NAME "tslib"
| #define PACKAGE_TARNAME "tslib"
| #define PACKAGE_VERSION "0.0.2"
| #define PACKAGE_STRING "tslib 0.0.2"
| #define PACKAGE_BUGREPORT "kergoth@handhelds.org"
| #define PACKAGE "tslib"
| #define VERSION "0.0.2"
| #define STDC_HEADERS 1
| #define HAVE_SYS_TYPES_H 1
| #define HAVE_SYS_STAT_H 1
| #define HAVE_STDLIB_H 1
| #define HAVE_STRING_H 1
| #define HAVE_MEMORY_H 1
| #define HAVE_STRINGS_H 1
| #define HAVE_INTTYPES_H 1
| #define HAVE_STDINT_H 1
| #define HAVE_UNISTD_H 1
| #define HAVE_DLFCN_H 1
| /* end confdefs.h.  */
| #include <ac_nonexistent.h>
configure:6106: checking for arm-linux-g77
configure:6136: result: no
configure:6106: checking for arm-linux-xlf
configure:6136: result: no
configure:6106: checking for arm-linux-f77
configure:6136: result: no
configure:6106: checking for arm-linux-frt
configure:6136: result: no
configure:6106: checking for arm-linux-pgf77
configure:6136: result: no
configure:6106: checking for arm-linux-cf77
configure:6136: result: no
configure:6106: checking for arm-linux-fort77
configure:6136: result: no
configure:6106: checking for arm-linux-fl32
configure:6136: result: no
configure:6106: checking for arm-linux-af77
configure:6136: result: no
configure:6106: checking for arm-linux-xlf90
configure:6136: result: no
configure:6106: checking for arm-linux-f90
configure:6136: result: no
configure:6106: checking for arm-linux-pgf90
configure:6136: result: no
configure:6106: checking for arm-linux-pghpf
configure:6136: result: no
configure:6106: checking for arm-linux-epcf90
configure:6136: result: no
configure:6106: checking for arm-linux-gfortran
configure:6136: result: no
configure:6106: checking for arm-linux-g95
configure:6136: result: no
configure:6106: checking for arm-linux-xlf95
configure:6136: result: no
configure:6106: checking for arm-linux-f95
configure:6136: result: no
configure:6106: checking for arm-linux-fort
configure:6136: result: no
configure:6106: checking for arm-linux-ifort
configure:6136: result: no
configure:6106: checking for arm-linux-ifc
configure:6136: result: no
configure:6106: checking for arm-linux-efc
configure:6136: result: no
configure:6106: checking for arm-linux-pgf95
configure:6136: result: no
configure:6106: checking for arm-linux-lf95
configure:6136: result: no
configure:6106: checking for arm-linux-ftn
configure:6136: result: no
configure:6150: checking for g77
configure:6180: result: no
configure:6150: checking for xlf
configure:6180: result: no
configure:6150: checking for f77
configure:6180: result: no
configure:6150: checking for frt
configure:6180: result: no
configure:6150: checking for pgf77
configure:6180: result: no
configure:6150: checking for cf77
configure:6180: result: no
configure:6150: checking for fort77
configure:6180: result: no
configure:6150: checking for fl32
configure:6180: result: no
configure:6150: checking for af77
configure:6180: result: no
configure:6150: checking for xlf90
configure:6180: result: no
configure:6150: checking for f90
configure:6180: result: no
configure:6150: checking for pgf90
configure:6180: result: no
configure:6150: checking for pghpf
configure:6180: result: no
configure:6150: checking for epcf90
configure:6180: result: no
configure:6150: checking for gfortran
configure:6166: found /usr/bin/gfortran
configure:6177: result: gfortran
configure:6195: WARNING: In the future, Autoconf will not detect cross-tools
whose name does not start with the host triplet.  If you think this
configuration is useful to you, please write to autoconf@gnu.org.
configure:6207: checking for Fortran 77 compiler version
configure:6214: gfortran --version >&5
GNU Fortran (GCC) 4.3.0 20080428 (Red Hat 4.3.0-8)
Copyright (C) 2008 Free Software Foundation, Inc.

GNU Fortran comes with NO WARRANTY, to the extent permitted by law.
You may redistribute copies of GNU Fortran
under the terms of the GNU General Public License.
For more information about these matters, see the file named COPYING

configure:6217: $? = 0
configure:6224: gfortran -v >&5
Using built-in specs.
Target: i386-redhat-linux
Configured with: ../configure --prefix=/usr --mandir=/usr/share/man --infodir=/usr/share/info --with-bugurl=http://bugzilla.redhat.com/bugzilla --enable-bootstrap --enable-shared --enable-threads=posix --enable-checking=release --with-system-zlib --enable-__cxa_atexit --disable-libunwind-exceptions --enable-languages=c,c++,objc,obj-c++,java,fortran,ada --enable-java-awt=gtk --disable-dssi --enable-plugin --with-java-home=/usr/lib/jvm/java-1.5.0-gcj-1.5.0.0/jre --enable-libgcj-multifile --enable-java-maintainer-mode --with-ecj-jar=/usr/share/java/eclipse-ecj.jar --disable-libjava-multilib --with-cpu=generic --build=i386-redhat-linux
Thread model: posix
gcc version 4.3.0 20080428 (Red Hat 4.3.0-8) (GCC) 
configure:6227: $? = 0
configure:6234: gfortran -V >&5
gfortran: '-V' option must have argument
configure:6237: $? = 1
configure:6245: checking whether we are using the GNU Fortran 77 compiler
configure:6264: gfortran -c  conftest.F >&5
configure:6270: $? = 0
configure:6287: result: yes
configure:6293: checking whether gfortran accepts -g
configure:6310: gfortran -c -g conftest.f >&5
configure:6316: $? = 0
configure:6332: result: yes
configure:6362: checking the maximum length of command line arguments
configure:6474: result: 1966080
configure:6486: checking command to parse /usr/local/arm/3.4.1/bin//arm-linux-nm -B output from arm-linux-gcc object
configure:6591: arm-linux-gcc -c -O2 -Wall -W  conftest.c >&5
configure:6594: $? = 0
configure:6598: /usr/local/arm/3.4.1/bin//arm-linux-nm -B conftest.o \| sed -n -e 's/^.*[ 	]\([ABCDGIRSTW][ABCDGIRSTW]*\)[ 	][ 	]*\([_A-Za-z][_A-Za-z0-9]*\)$/\1 \2 \2/p' \> conftest.nm
configure:6601: $? = 0
configure:6653: arm-linux-gcc -o conftest -O2 -Wall -W   conftest.c conftstm.o >&5
configure:6656: $? = 0
configure:6694: result: ok
configure:6698: checking for objdir
configure:6713: result: .libs
configure:6765: checking for arm-linux-ar
configure:6781: found /usr/local/arm/3.4.1/bin//arm-linux-ar
configure:6792: result: arm-linux-ar
configure:6861: checking for arm-linux-ranlib
configure:6877: found /usr/local/arm/3.4.1/bin//arm-linux-ranlib
configure:6888: result: arm-linux-ranlib
configure:6957: checking for arm-linux-strip
configure:6984: result: arm-linux-strip
configure:7310: checking if arm-linux-gcc supports -fno-rtti -fno-exceptions
configure:7328: arm-linux-gcc -c -O2 -Wall -W  -fno-rtti -fno-exceptions conftest.c >&5
cc1: warning: command line option "-fno-rtti" is valid for C++/ObjC++ but not for C
configure:7332: $? = 0
configure:7345: result: no
configure:7360: checking for arm-linux-gcc option to produce PIC
configure:7592: result: -fPIC
configure:7600: checking if arm-linux-gcc PIC flag -fPIC works
configure:7618: arm-linux-gcc -c -O2 -Wall -W  -fPIC -DPIC conftest.c >&5
configure:7622: $? = 0
configure:7635: result: yes
configure:7663: checking if arm-linux-gcc static flag -static works
configure:7691: result: yes
configure:7701: checking if arm-linux-gcc supports -c -o file.o
configure:7722: arm-linux-gcc -c -O2 -Wall -W  -o out/conftest2.o conftest.c >&5
configure:7726: $? = 0
configure:7748: result: yes
configure:7774: checking whether the arm-linux-gcc linker (/usr/local/arm/3.4.1/arm-linux/bin/ld) supports shared libraries
configure:8754: result: yes
configure:8775: checking whether -lc should be explicitly linked in
configure:8780: arm-linux-gcc -c -O2 -Wall -W  conftest.c >&5
configure:8783: $? = 0
configure:8798: arm-linux-gcc -shared conftest.o  -v -Wl,-soname -Wl,conftest -o conftest 2\>\&1 \| grep  -lc  \>/dev/null 2\>\&1
configure:8801: $? = 0
configure:8813: result: no
configure:8821: checking dynamic linker characteristics
configure:9425: result: GNU/Linux ld.so
configure:9434: checking how to hardcode library paths into programs
configure:9459: result: immediate
configure:9473: checking whether stripping libraries is possible
configure:9478: result: yes
configure:9602: checking for shl_load
configure:9658: arm-linux-gcc -o conftest -O2 -Wall -W   conftest.c  >&5
/tmp/ccGALlgf.o(.text+0x4): In function `main':
: undefined reference to `shl_load'
collect2: ld returned 1 exit status
configure:9664: $? = 1
configure: failed program was:
| /* confdefs.h.  */
| #define PACKAGE_NAME "tslib"
| #define PACKAGE_TARNAME "tslib"
| #define PACKAGE_VERSION "0.0.2"
| #define PACKAGE_STRING "tslib 0.0.2"
| #define PACKAGE_BUGREPORT "kergoth@handhelds.org"
| #define PACKAGE "tslib"
| #define VERSION "0.0.2"
| #define STDC_HEADERS 1
| #define HAVE_SYS_TYPES_H 1
| #define HAVE_SYS_STAT_H 1
| #define HAVE_STDLIB_H 1
| #define HAVE_STRING_H 1
| #define HAVE_MEMORY_H 1
| #define HAVE_STRINGS_H 1
| #define HAVE_INTTYPES_H 1
| #define HAVE_STDINT_H 1
| #define HAVE_UNISTD_H 1
| #define HAVE_DLFCN_H 1
| /* end confdefs.h.  */
| /* Define shl_load to an innocuous variant, in case <limits.h> declares shl_load.
|    For example, HP-UX 11i <limits.h> declares gettimeofday.  */
| #define shl_load innocuous_shl_load
| 
| /* System header to define __stub macros and hopefully few prototypes,
|     which can conflict with char shl_load (); below.
|     Prefer <limits.h> to <assert.h> if __STDC__ is defined, since
|     <limits.h> exists even on freestanding compilers.  */
| 
| #ifdef __STDC__
| # include <limits.h>
| #else
| # include <assert.h>
| #endif
| 
| #undef shl_load
| 
| /* Override any GCC internal prototype to avoid an error.
|    Use char because int might match the return type of a GCC
|    builtin and then its argument prototype would still apply.  */
| #ifdef __cplusplus
| extern "C"
| #endif
| char shl_load ();
| /* The GNU C library defines this for functions which it implements
|     to always fail with ENOSYS.  Some functions are actually named
|     something starting with __ and the normal name is an alias.  */
| #if defined __stub_shl_load || defined __stub___shl_load
| choke me
| #endif
| 
| int
| main ()
| {
| return shl_load ();
|   ;
|   return 0;
| }
configure:9681: result: no
configure:9686: checking for shl_load in -ldld
configure:9721: arm-linux-gcc -o conftest -O2 -Wall -W   conftest.c -ldld   >&5
/usr/local/arm/3.4.1/bin/../lib/gcc/arm-linux/3.4.1/../../../../arm-linux/bin/ld: cannot find -ldld
collect2: ld returned 1 exit status
configure:9727: $? = 1
configure: failed program was:
| /* confdefs.h.  */
| #define PACKAGE_NAME "tslib"
| #define PACKAGE_TARNAME "tslib"
| #define PACKAGE_VERSION "0.0.2"
| #define PACKAGE_STRING "tslib 0.0.2"
| #define PACKAGE_BUGREPORT "kergoth@handhelds.org"
| #define PACKAGE "tslib"
| #define VERSION "0.0.2"
| #define STDC_HEADERS 1
| #define HAVE_SYS_TYPES_H 1
| #define HAVE_SYS_STAT_H 1
| #define HAVE_STDLIB_H 1
| #define HAVE_STRING_H 1
| #define HAVE_MEMORY_H 1
| #define HAVE_STRINGS_H 1
| #define HAVE_INTTYPES_H 1
| #define HAVE_STDINT_H 1
| #define HAVE_UNISTD_H 1
| #define HAVE_DLFCN_H 1
| /* end confdefs.h.  */
| 
| /* Override any GCC internal prototype to avoid an error.
|    Use char because int might match the return type of a GCC
|    builtin and then its argument prototype would still apply.  */
| #ifdef __cplusplus
| extern "C"
| #endif
| char shl_load ();
| int
| main ()
| {
| return shl_load ();
|   ;
|   return 0;
| }
configure:9745: result: no
configure:9750: checking for dlopen
configure:9806: arm-linux-gcc -o conftest -O2 -Wall -W   conftest.c  >&5
/tmp/ccG4f3EM.o(.text+0x4): In function `main':
: undefined reference to `dlopen'
collect2: ld returned 1 exit status
configure:9812: $? = 1
configure: failed program was:
| /* confdefs.h.  */
| #define PACKAGE_NAME "tslib"
| #define PACKAGE_TARNAME "tslib"
| #define PACKAGE_VERSION "0.0.2"
| #define PACKAGE_STRING "tslib 0.0.2"
| #define PACKAGE_BUGREPORT "kergoth@handhelds.org"
| #define PACKAGE "tslib"
| #define VERSION "0.0.2"
| #define STDC_HEADERS 1
| #define HAVE_SYS_TYPES_H 1
| #define HAVE_SYS_STAT_H 1
| #define HAVE_STDLIB_H 1
| #define HAVE_STRING_H 1
| #define HAVE_MEMORY_H 1
| #define HAVE_STRINGS_H 1
| #define HAVE_INTTYPES_H 1
| #define HAVE_STDINT_H 1
| #define HAVE_UNISTD_H 1
| #define HAVE_DLFCN_H 1
| /* end confdefs.h.  */
| /* Define dlopen to an innocuous variant, in case <limits.h> declares dlopen.
|    For example, HP-UX 11i <limits.h> declares gettimeofday.  */
| #define dlopen innocuous_dlopen
| 
| /* System header to define __stub macros and hopefully few prototypes,
|     which can conflict with char dlopen (); below.
|     Prefer <limits.h> to <assert.h> if __STDC__ is defined, since
|     <limits.h> exists even on freestanding compilers.  */
| 
| #ifdef __STDC__
| # include <limits.h>
| #else
| # include <assert.h>
| #endif
| 
| #undef dlopen
| 
| /* Override any GCC internal prototype to avoid an error.
|    Use char because int might match the return type of a GCC
|    builtin and then its argument prototype would still apply.  */
| #ifdef __cplusplus
| extern "C"
| #endif
| char dlopen ();
| /* The GNU C library defines this for functions which it implements
|     to always fail with ENOSYS.  Some functions are actually named
|     something starting with __ and the normal name is an alias.  */
| #if defined __stub_dlopen || defined __stub___dlopen
| choke me
| #endif
| 
| int
| main ()
| {
| return dlopen ();
|   ;
|   return 0;
| }
configure:9829: result: no
configure:9834: checking for dlopen in -ldl
configure:9869: arm-linux-gcc -o conftest -O2 -Wall -W   conftest.c -ldl   >&5
configure:9875: $? = 0
configure:9893: result: yes
configure:10062: checking whether a program can dlopen itself
configure:10157: result: cross
configure:10280: checking if libtool supports shared libraries
configure:10282: result: yes
configure:10285: checking whether to build shared libraries
configure:10306: result: yes
configure:10309: checking whether to build static libraries
configure:10313: result: no
configure:10406: creating libtool
configure:10994: checking for ld used by arm-linux-g++
configure:11061: result: /usr/local/arm/3.4.1/arm-linux/bin/ld
configure:11070: checking if the linker (/usr/local/arm/3.4.1/arm-linux/bin/ld) is GNU ld
configure:11085: result: yes
configure:11136: checking whether the arm-linux-g++ linker (/usr/local/arm/3.4.1/arm-linux/bin/ld) supports shared libraries
configure:12110: result: yes
configure:12128: arm-linux-g++ -c -g -O2  conftest.cpp >&5
configure:12131: $? = 0
configure:12283: checking for arm-linux-g++ option to produce PIC
configure:12567: result: -fPIC
configure:12575: checking if arm-linux-g++ PIC flag -fPIC works
configure:12593: arm-linux-g++ -c -g -O2  -fPIC -DPIC conftest.cpp >&5
configure:12597: $? = 0
configure:12610: result: yes
configure:12638: checking if arm-linux-g++ static flag -static works
configure:12666: result: yes
configure:12676: checking if arm-linux-g++ supports -c -o file.o
configure:12697: arm-linux-g++ -c -g -O2  -o out/conftest2.o conftest.cpp >&5
configure:12701: $? = 0
configure:12723: result: yes
configure:12749: checking whether the arm-linux-g++ linker (/usr/local/arm/3.4.1/arm-linux/bin/ld) supports shared libraries
configure:12774: result: yes
configure:12841: checking dynamic linker characteristics
configure:13393: result: GNU/Linux ld.so
configure:13402: checking how to hardcode library paths into programs
configure:13427: result: immediate
configure:13961: checking if libtool supports shared libraries
configure:13963: result: yes
configure:13966: checking whether to build shared libraries
configure:13986: result: yes
configure:13989: checking whether to build static libraries
configure:13993: result: no
configure:14003: checking for gfortran option to produce PIC
configure:14235: result: -fPIC
configure:14243: checking if gfortran PIC flag -fPIC works
configure:14261: gfortran -c -g -O2 -fPIC conftest.f >&5
configure:14265: $? = 0
configure:14278: result: yes
configure:14306: checking if gfortran static flag -static works
configure:14334: result: yes
configure:14344: checking if gfortran supports -c -o file.o
configure:14365: gfortran -c -g -O2 -o out/conftest2.o conftest.f >&5
configure:14369: $? = 0
configure:14391: result: yes
configure:14417: checking whether the gfortran linker (/usr/local/arm/3.4.1/arm-linux/bin/ld) supports shared libraries
configure:15377: result: yes
configure:15444: checking dynamic linker characteristics
configure:15996: result: GNU/Linux ld.so
configure:16005: checking how to hardcode library paths into programs
configure:16030: result: immediate
configure:19605: checking for dlopen in -ldl
configure:19664: result: yes
configure:19679: checking for working alloca.h
configure:19706: arm-linux-gcc -o conftest -O2 -Wall -W   conftest.c -ldl  >&5
configure:19712: $? = 0
configure:19729: result: yes
configure:19739: checking for alloca
configure:19786: arm-linux-gcc -o conftest -O2 -Wall -W   conftest.c -ldl  >&5
configure:19792: $? = 0
configure:19809: result: yes
configure:20036: checking for ANSI C header files
configure:20200: result: yes
configure:20231: checking fcntl.h usability
configure:20248: arm-linux-gcc -c -O2 -Wall -W  conftest.c >&5
configure:20254: $? = 0
configure:20268: result: yes
configure:20272: checking fcntl.h presence
configure:20287: arm-linux-gcc -E  conftest.c
configure:20293: $? = 0
configure:20307: result: yes
configure:20340: checking for fcntl.h
configure:20348: result: yes
configure:20231: checking limits.h usability
configure:20248: arm-linux-gcc -c -O2 -Wall -W  conftest.c >&5
configure:20254: $? = 0
configure:20268: result: yes
configure:20272: checking limits.h presence
configure:20287: arm-linux-gcc -E  conftest.c
configure:20293: $? = 0
configure:20307: result: yes
configure:20340: checking for limits.h
configure:20348: result: yes
configure:20221: checking for stdlib.h
configure:20227: result: yes
configure:20221: checking for string.h
configure:20227: result: yes
configure:20231: checking sys/ioctl.h usability
configure:20248: arm-linux-gcc -c -O2 -Wall -W  conftest.c >&5
configure:20254: $? = 0
configure:20268: result: yes
configure:20272: checking sys/ioctl.h presence
configure:20287: arm-linux-gcc -E  conftest.c
configure:20293: $? = 0
configure:20307: result: yes
configure:20340: checking for sys/ioctl.h
configure:20348: result: yes
configure:20231: checking sys/time.h usability
configure:20248: arm-linux-gcc -c -O2 -Wall -W  conftest.c >&5
configure:20254: $? = 0
configure:20268: result: yes
configure:20272: checking sys/time.h presence
configure:20287: arm-linux-gcc -E  conftest.c
configure:20293: $? = 0
configure:20307: result: yes
configure:20340: checking for sys/time.h
configure:20348: result: yes
configure:20221: checking for unistd.h
configure:20227: result: yes
configure:20363: checking for an ANSI C-conforming const
configure:20438: arm-linux-gcc -c -O2 -Wall -W  conftest.c >&5
conftest.c: In function `main':
conftest.c:77: warning: 'b' might be used uninitialized in this function
conftest.c:58: warning: 't' might be used uninitialized in this function
configure:20444: $? = 0
configure:20459: result: yes
configure:20469: checking for inline
configure:20495: arm-linux-gcc -c -O2 -Wall -W  conftest.c >&5
configure:20501: $? = 0
configure:20519: result: inline
configure:20538: checking for size_t
configure:20568: arm-linux-gcc -c -O2 -Wall -W  conftest.c >&5
configure:20574: $? = 0
configure:20589: result: yes
configure:20601: checking whether time.h and sys/time.h may both be included
configure:20631: arm-linux-gcc -c -O2 -Wall -W  conftest.c >&5
configure:20637: $? = 0
configure:20652: result: yes
configure:20665: checking whether arm-linux-gcc needs -traditional
configure:20707: result: no
configure:20719: checking for stdlib.h
configure:20725: result: yes
configure:20859: checking for GNU libc compatible malloc
configure:20921: result: yes
configure:20955: checking for stdlib.h
configure:20961: result: yes
configure:20955: checking for unistd.h
configure:20961: result: yes
configure:21099: checking for getpagesize
configure:21155: arm-linux-gcc -o conftest -O2 -Wall -W   conftest.c -ldl  >&5
configure:21161: $? = 0
configure:21179: result: yes
configure:21189: checking for working mmap
configure:21364: result: no
configure:21391: checking sys/select.h usability
configure:21408: arm-linux-gcc -c -O2 -Wall -W  conftest.c >&5
configure:21414: $? = 0
configure:21428: result: yes
configure:21432: checking sys/select.h presence
configure:21447: arm-linux-gcc -E  conftest.c
configure:21453: $? = 0
configure:21467: result: yes
configure:21500: checking for sys/select.h
configure:21508: result: yes
configure:21391: checking sys/socket.h usability
configure:21408: arm-linux-gcc -c -O2 -Wall -W  conftest.c >&5
configure:21414: $? = 0
configure:21428: result: yes
configure:21432: checking sys/socket.h presence
configure:21447: arm-linux-gcc -E  conftest.c
configure:21453: $? = 0
configure:21467: result: yes
configure:21500: checking for sys/socket.h
configure:21508: result: yes
configure:21521: checking types of arguments for select
configure:21559: arm-linux-gcc -c -O2 -Wall -W  conftest.c >&5
configure:21565: $? = 0
configure:21586: result: int,fd_set *,struct timeval *
configure:21609: checking return type of signal handlers
configure:21637: arm-linux-gcc -c -O2 -Wall -W  conftest.c >&5
conftest.c: In function `main':
conftest.c:49: error: void value not ignored as it ought to be
configure:21643: $? = 1
configure: failed program was:
| /* confdefs.h.  */
| #define PACKAGE_NAME "tslib"
| #define PACKAGE_TARNAME "tslib"
| #define PACKAGE_VERSION "0.0.2"
| #define PACKAGE_STRING "tslib 0.0.2"
| #define PACKAGE_BUGREPORT "kergoth@handhelds.org"
| #define PACKAGE "tslib"
| #define VERSION "0.0.2"
| #define STDC_HEADERS 1
| #define HAVE_SYS_TYPES_H 1
| #define HAVE_SYS_STAT_H 1
| #define HAVE_STDLIB_H 1
| #define HAVE_STRING_H 1
| #define HAVE_MEMORY_H 1
| #define HAVE_STRINGS_H 1
| #define HAVE_INTTYPES_H 1
| #define HAVE_STDINT_H 1
| #define HAVE_UNISTD_H 1
| #define HAVE_DLFCN_H 1
| #define HAVE_LIBDL 1
| #define HAVE_ALLOCA_H 1
| #define HAVE_ALLOCA 1
| #define STDC_HEADERS 1
| #define HAVE_FCNTL_H 1
| #define HAVE_LIMITS_H 1
| #define HAVE_STDLIB_H 1
| #define HAVE_STRING_H 1
| #define HAVE_SYS_IOCTL_H 1
| #define HAVE_SYS_TIME_H 1
| #define HAVE_UNISTD_H 1
| #define TIME_WITH_SYS_TIME 1
| #define HAVE_STDLIB_H 1
| #define HAVE_MALLOC 1
| #define HAVE_STDLIB_H 1
| #define HAVE_UNISTD_H 1
| #define HAVE_GETPAGESIZE 1
| #define HAVE_SYS_SELECT_H 1
| #define HAVE_SYS_SOCKET_H 1
| #define SELECT_TYPE_ARG1 int
| #define SELECT_TYPE_ARG234 (fd_set *)
| #define SELECT_TYPE_ARG5 (struct timeval *)
| /* end confdefs.h.  */
| #include <sys/types.h>
| #include <signal.h>
| 
| int
| main ()
| {
| return *(signal (0, 0)) (0) == 1;
|   ;
|   return 0;
| }
configure:21658: result: void
configure:21666: checking whether lstat dereferences a symlink specified with a trailing slash
configure:21737: result: no
configure:21756: checking whether stat accepts an empty string
configure:21814: result: yes
configure:21834: checking for vprintf
configure:21890: arm-linux-gcc -o conftest -O2 -Wall -W   conftest.c -ldl  >&5
conftest.c:68: warning: conflicting types for built-in function 'vprintf'
configure:21896: $? = 0
configure:21914: result: yes
configure:21921: checking for _doprnt
configure:21977: arm-linux-gcc -o conftest -O2 -Wall -W   conftest.c -ldl  >&5
/tmp/ccsG48vL.o(.text+0x4): In function `main':
: undefined reference to `_doprnt'
collect2: ld returned 1 exit status
configure:21983: $? = 1
configure: failed program was:
| /* confdefs.h.  */
| #define PACKAGE_NAME "tslib"
| #define PACKAGE_TARNAME "tslib"
| #define PACKAGE_VERSION "0.0.2"
| #define PACKAGE_STRING "tslib 0.0.2"
| #define PACKAGE_BUGREPORT "kergoth@handhelds.org"
| #define PACKAGE "tslib"
| #define VERSION "0.0.2"
| #define STDC_HEADERS 1
| #define HAVE_SYS_TYPES_H 1
| #define HAVE_SYS_STAT_H 1
| #define HAVE_STDLIB_H 1
| #define HAVE_STRING_H 1
| #define HAVE_MEMORY_H 1
| #define HAVE_STRINGS_H 1
| #define HAVE_INTTYPES_H 1
| #define HAVE_STDINT_H 1
| #define HAVE_UNISTD_H 1
| #define HAVE_DLFCN_H 1
| #define HAVE_LIBDL 1
| #define HAVE_ALLOCA_H 1
| #define HAVE_ALLOCA 1
| #define STDC_HEADERS 1
| #define HAVE_FCNTL_H 1
| #define HAVE_LIMITS_H 1
| #define HAVE_STDLIB_H 1
| #define HAVE_STRING_H 1
| #define HAVE_SYS_IOCTL_H 1
| #define HAVE_SYS_TIME_H 1
| #define HAVE_UNISTD_H 1
| #define TIME_WITH_SYS_TIME 1
| #define HAVE_STDLIB_H 1
| #define HAVE_MALLOC 1
| #define HAVE_STDLIB_H 1
| #define HAVE_UNISTD_H 1
| #define HAVE_GETPAGESIZE 1
| #define HAVE_SYS_SELECT_H 1
| #define HAVE_SYS_SOCKET_H 1
| #define SELECT_TYPE_ARG1 int
| #define SELECT_TYPE_ARG234 (fd_set *)
| #define SELECT_TYPE_ARG5 (struct timeval *)
| #define RETSIGTYPE void
| #define HAVE_STAT_EMPTY_STRING_BUG 1
| #define HAVE_VPRINTF 1
| /* end confdefs.h.  */
| /* Define _doprnt to an innocuous variant, in case <limits.h> declares _doprnt.
|    For example, HP-UX 11i <limits.h> declares gettimeofday.  */
| #define _doprnt innocuous__doprnt
| 
| /* System header to define __stub macros and hopefully few prototypes,
|     which can conflict with char _doprnt (); below.
|     Prefer <limits.h> to <assert.h> if __STDC__ is defined, since
|     <limits.h> exists even on freestanding compilers.  */
| 
| #ifdef __STDC__
| # include <limits.h>
| #else
| # include <assert.h>
| #endif
| 
| #undef _doprnt
| 
| /* Override any GCC internal prototype to avoid an error.
|    Use char because int might match the return type of a GCC
|    builtin and then its argument prototype would still apply.  */
| #ifdef __cplusplus
| extern "C"
| #endif
| char _doprnt ();
| /* The GNU C library defines this for functions which it implements
|     to always fail with ENOSYS.  Some functions are actually named
|     something starting with __ and the normal name is an alias.  */
| #if defined __stub__doprnt || defined __stub____doprnt
| choke me
| #endif
| 
| int
| main ()
| {
| return _doprnt ();
|   ;
|   return 0;
| }
configure:22000: result: no
configure:22027: checking for bzero
configure:22083: arm-linux-gcc -o conftest -O2 -Wall -W   conftest.c -ldl  >&5
conftest.c:69: warning: conflicting types for built-in function 'bzero'
configure:22089: $? = 0
configure:22107: result: yes
configure:22027: checking for gettimeofday
configure:22083: arm-linux-gcc -o conftest -O2 -Wall -W   conftest.c -ldl  >&5
configure:22089: $? = 0
configure:22107: result: yes
configure:22027: checking for memmove
configure:22083: arm-linux-gcc -o conftest -O2 -Wall -W   conftest.c -ldl  >&5
conftest.c:71: warning: conflicting types for built-in function 'memmove'
configure:22089: $? = 0
configure:22107: result: yes
configure:22027: checking for memset
configure:22083: arm-linux-gcc -o conftest -O2 -Wall -W   conftest.c -ldl  >&5
conftest.c:72: warning: conflicting types for built-in function 'memset'
configure:22089: $? = 0
configure:22107: result: yes
configure:22027: checking for munmap
configure:22083: arm-linux-gcc -o conftest -O2 -Wall -W   conftest.c -ldl  >&5
configure:22089: $? = 0
configure:22107: result: yes
configure:22027: checking for select
configure:22083: arm-linux-gcc -o conftest -O2 -Wall -W   conftest.c -ldl  >&5
configure:22089: $? = 0
configure:22107: result: yes
configure:22027: checking for strcasecmp
configure:22083: arm-linux-gcc -o conftest -O2 -Wall -W   conftest.c -ldl  >&5
configure:22089: $? = 0
configure:22107: result: yes
configure:22027: checking for strchr
configure:22083: arm-linux-gcc -o conftest -O2 -Wall -W   conftest.c -ldl  >&5
conftest.c:76: warning: conflicting types for built-in function 'strchr'
configure:22089: $? = 0
configure:22107: result: yes
configure:22027: checking for strdup
configure:22083: arm-linux-gcc -o conftest -O2 -Wall -W   conftest.c -ldl  >&5
conftest.c:77: warning: conflicting types for built-in function 'strdup'
configure:22089: $? = 0
configure:22107: result: yes
configure:22027: checking for strtoul
configure:22083: arm-linux-gcc -o conftest -O2 -Wall -W   conftest.c -ldl  >&5
configure:22089: $? = 0
configure:22107: result: yes
configure:22119: checking whether linear modules is requested
configure:22128: result: yes
configure:22139: checking whether dejitter module is requested
configure:22148: result: yes
configure:22159: checking whether linear-h2200 module is requested
configure:22168: result: yes
configure:22179: checking whether variance module is requested
configure:22188: result: yes
configure:22199: checking whether pthres module is requested
configure:22208: result: yes
configure:22221: checking whether ucb1x00 module is requested
configure:22230: result: yes
configure:22241: checking whether corgi module is requested
configure:22250: result: yes
configure:22261: checking whether collie module is requested
configure:22270: result: yes
configure:22282: checking whether h3600 module is requested
configure:22291: result: yes
configure:22302: checking whether mk712 module is requested
configure:22311: result: yes
configure:22322: checking whether arctic2 module is requested
configure:22331: result: yes
configure:22342: checking whether input module is requested
configure:22351: result: yes
configure:22362: checking where to place modules
configure:22372: result: ${libdir}/ts/
configure:22376: checking whether to enable debugging
configure:22385: result: no
configure:22476: updating cache arm-linux.cache
configure:22617: creating ./config.status

## ---------------------- ##
## Running config.status. ##
## ---------------------- ##

This file was extended by tslib config.status 0.0.2, which was
generated by GNU Autoconf 2.61.  Invocation command line was

  CONFIG_FILES    = 
  CONFIG_HEADERS  = 
  CONFIG_LINKS    = 
  CONFIG_COMMANDS = 
  $ ./config.status 

on shady

config.status:702: creating Makefile
config.status:702: creating etc/Makefile
config.status:702: creating plugins/Makefile
config.status:702: creating src/Makefile
config.status:702: creating tests/Makefile
config.status:702: creating tslib-0.0.pc
config.status:702: creating config.h
config.status:1019: executing depfiles commands

## ---------------- ##
## Cache variables. ##
## ---------------- ##

ac_cv_build=i686-pc-linux-gnu
ac_cv_c_compiler_gnu=yes
ac_cv_c_const=yes
ac_cv_c_inline=inline
ac_cv_cxx_compiler_gnu=yes
ac_cv_env_CCC_set=
ac_cv_env_CCC_value=
ac_cv_env_CC_set=
ac_cv_env_CC_value=
ac_cv_env_CFLAGS_set=
ac_cv_env_CFLAGS_value=
ac_cv_env_CPPFLAGS_set=
ac_cv_env_CPPFLAGS_value=
ac_cv_env_CPP_set=
ac_cv_env_CPP_value=
ac_cv_env_CXXCPP_set=
ac_cv_env_CXXCPP_value=
ac_cv_env_CXXFLAGS_set=
ac_cv_env_CXXFLAGS_value=
ac_cv_env_CXX_set=
ac_cv_env_CXX_value=
ac_cv_env_F77_set=
ac_cv_env_F77_value=
ac_cv_env_FFLAGS_set=
ac_cv_env_FFLAGS_value=
ac_cv_env_LDFLAGS_set=
ac_cv_env_LDFLAGS_value=
ac_cv_env_LIBS_set=
ac_cv_env_LIBS_value=
ac_cv_env_build_alias_set=
ac_cv_env_build_alias_value=
ac_cv_env_host_alias_set=set
ac_cv_env_host_alias_value=arm-linux
ac_cv_env_target_alias_set=
ac_cv_env_target_alias_value=
ac_cv_f77_compiler_gnu=yes
ac_cv_func__doprnt=no
ac_cv_func_alloca_works=yes
ac_cv_func_bzero=yes
ac_cv_func_dlopen=no
ac_cv_func_getpagesize=yes
ac_cv_func_gettimeofday=yes
ac_cv_func_lstat_dereferences_slashed_symlink=no
ac_cv_func_malloc_0_nonnull=yes
ac_cv_func_memmove=yes
ac_cv_func_memset=yes
ac_cv_func_mmap_fixed_mapped=no
ac_cv_func_munmap=yes
ac_cv_func_select=yes
ac_cv_func_select_args='int,fd_set *,struct timeval *'
ac_cv_func_shl_load=no
ac_cv_func_stat_empty_string_bug=yes
ac_cv_func_strcasecmp=yes
ac_cv_func_strchr=yes
ac_cv_func_strdup=yes
ac_cv_func_strtoul=yes
ac_cv_func_vprintf=yes
ac_cv_header_dlfcn_h=yes
ac_cv_header_fcntl_h=yes
ac_cv_header_inttypes_h=yes
ac_cv_header_limits_h=yes
ac_cv_header_memory_h=yes
ac_cv_header_stdc=yes
ac_cv_header_stdint_h=yes
ac_cv_header_stdlib_h=yes
ac_cv_header_string_h=yes
ac_cv_header_strings_h=yes
ac_cv_header_sys_ioctl_h=yes
ac_cv_header_sys_select_h=yes
ac_cv_header_sys_socket_h=yes
ac_cv_header_sys_stat_h=yes
ac_cv_header_sys_time_h=yes
ac_cv_header_sys_types_h=yes
ac_cv_header_time=yes
ac_cv_header_unistd_h=yes
ac_cv_host=arm-unknown-linux-gnu
ac_cv_lib_dl_dlopen=yes
ac_cv_lib_dld_shl_load=no
ac_cv_objext=o
ac_cv_path_EGREP='/bin/grep -E'
ac_cv_path_GREP=/bin/grep
ac_cv_path_install='/usr/bin/install -c'
ac_cv_path_mkdir=/bin/mkdir
ac_cv_prog_AR=arm-linux-ar
ac_cv_prog_AWK=gawk
ac_cv_prog_CC=arm-linux-gcc
ac_cv_prog_CPP='arm-linux-gcc -E'
ac_cv_prog_CXX=arm-linux-g++
ac_cv_prog_CXXCPP='arm-linux-g++ -E'
ac_cv_prog_RANLIB=arm-linux-ranlib
ac_cv_prog_STRIP=arm-linux-strip
ac_cv_prog_ac_ct_F77=gfortran
ac_cv_prog_cc_c89=
ac_cv_prog_cc_g=yes
ac_cv_prog_cxx_g=yes
ac_cv_prog_f77_g=yes
ac_cv_prog_gcc_traditional=no
ac_cv_prog_make_make_set=yes
ac_cv_type_signal=void
ac_cv_type_size_t=yes
ac_cv_working_alloca_h=yes
am_cv_CC_dependencies_compiler_type=gcc3
am_cv_CXX_dependencies_compiler_type=gcc3
bb_cv_cc_supports_hidden_visibility=no
lt_cv_deplibs_check_method=pass_all
lt_cv_dlopen=dlopen
lt_cv_dlopen_libs=-ldl
lt_cv_dlopen_self=cross
lt_cv_file_magic_cmd='$MAGIC_CMD'
lt_cv_file_magic_test_file=
lt_cv_ld_reload_flag=-r
lt_cv_objdir=.libs
lt_cv_path_LD=/usr/local/arm/3.4.1/arm-linux/bin/ld
lt_cv_path_LDCXX=/usr/local/arm/3.4.1/arm-linux/bin/ld
lt_cv_path_NM='/usr/local/arm/3.4.1/bin//arm-linux-nm -B'
lt_cv_path_SED=/bin/sed
lt_cv_prog_compiler_c_o=yes
lt_cv_prog_compiler_c_o_CXX=yes
lt_cv_prog_compiler_c_o_F77=yes
lt_cv_prog_compiler_rtti_exceptions=no
lt_cv_prog_gnu_ld=yes
lt_cv_prog_gnu_ldcxx=yes
lt_cv_sys_global_symbol_pipe='sed -n -e '\''s/^.*[ 	]\([ABCDGIRSTW][ABCDGIRSTW]*\)[ 	][ 	]*\([_A-Za-z][_A-Za-z0-9]*\)$/\1 \2 \2/p'\'''
lt_cv_sys_global_symbol_to_c_name_address='sed -n -e '\''s/^: \([^ ]*\) $/  {\"\1\", (lt_ptr) 0},/p'\'' -e '\''s/^[BCDEGRST] \([^ ]*\) \([^ ]*\)$/  {"\2", (lt_ptr) \&\2},/p'\'''
lt_cv_sys_global_symbol_to_cdecl='sed -n -e '\''s/^. .* \(.*\)$/extern int \1;/p'\'''
lt_cv_sys_max_cmd_len=1966080
lt_lt_cv_prog_compiler_c_o='"yes"'
lt_lt_cv_prog_compiler_c_o_CXX='"yes"'
lt_lt_cv_prog_compiler_c_o_F77='"yes"'
lt_lt_cv_sys_global_symbol_pipe='"sed -n -e '\''s/^.*[ 	]\\([ABCDGIRSTW][ABCDGIRSTW]*\\)[ 	][ 	]*\\([_A-Za-z][_A-Za-z0-9]*\\)\$/\\1 \\2 \\2/p'\''"'
lt_lt_cv_sys_global_symbol_to_c_name_address='"sed -n -e '\''s/^: \\([^ ]*\\) \$/  {\\\"\\1\\\", (lt_ptr) 0},/p'\'' -e '\''s/^[BCDEGRST] \\([^ ]*\\) \\([^ ]*\\)\$/  {\"\\2\", (lt_ptr) \\&\\2},/p'\''"'
lt_lt_cv_sys_global_symbol_to_cdecl='"sed -n -e '\''s/^. .* \\(.*\\)\$/extern int \\1;/p'\''"'

## ----------------- ##
## Output variables. ##
## ----------------- ##

ACLOCAL='${SHELL} /opt/FriendlyARM/mini2440/first_fs/my_drv/11th_ts/tslib/missing --run aclocal-1.10'
ALLOCA=''
AMDEPBACKSLASH='\'
AMDEP_FALSE='#'
AMDEP_TRUE=''
AMTAR='${SHELL} /opt/FriendlyARM/mini2440/first_fs/my_drv/11th_ts/tslib/missing --run tar'
AR='arm-linux-ar'
AUTOCONF='${SHELL} /opt/FriendlyARM/mini2440/first_fs/my_drv/11th_ts/tslib/missing --run autoconf'
AUTOHEADER='${SHELL} /opt/FriendlyARM/mini2440/first_fs/my_drv/11th_ts/tslib/missing --run autoheader'
AUTOMAKE='${SHELL} /opt/FriendlyARM/mini2440/first_fs/my_drv/11th_ts/tslib/missing --run automake-1.10'
AWK='gawk'
CC='arm-linux-gcc'
CCDEPMODE='depmode=gcc3'
CFLAGS='-O2 -Wall -W'
CPP='arm-linux-gcc -E'
CPPFLAGS=''
CXX='arm-linux-g++'
CXXCPP='arm-linux-g++ -E'
CXXDEPMODE='depmode=gcc3'
CXXFLAGS='-g -O2'
CYGPATH_W='echo'
DEBUGFLAGS=''
DEFS='-DHAVE_CONFIG_H'
DEPDIR='.deps'
ECHO='echo'
ECHO_C=''
ECHO_N='-n'
ECHO_T=''
EGREP='/bin/grep -E'
ENABLE_ARCTIC2_MODULE_FALSE='#'
ENABLE_ARCTIC2_MODULE_TRUE=''
ENABLE_COLLIE_MODULE_FALSE='#'
ENABLE_COLLIE_MODULE_TRUE=''
ENABLE_CORGI_MODULE_FALSE='#'
ENABLE_CORGI_MODULE_TRUE=''
ENABLE_DEJITTER_MODULE_FALSE='#'
ENABLE_DEJITTER_MODULE_TRUE=''
ENABLE_H2200_LINEAR_MODULE_FALSE='#'
ENABLE_H2200_LINEAR_MODULE_TRUE=''
ENABLE_H3600_MODULE_FALSE='#'
ENABLE_H3600_MODULE_TRUE=''
ENABLE_INPUT_MODULE_FALSE='#'
ENABLE_INPUT_MODULE_TRUE=''
ENABLE_LINEAR_MODULE_FALSE='#'
ENABLE_LINEAR_MODULE_TRUE=''
ENABLE_MK712_MODULE_FALSE='#'
ENABLE_MK712_MODULE_TRUE=''
ENABLE_PTHRES_MODULE_FALSE='#'
ENABLE_PTHRES_MODULE_TRUE=''
ENABLE_UCB1X00_MODULE_FALSE='#'
ENABLE_UCB1X00_MODULE_TRUE=''
ENABLE_VARIANCE_MODULE_FALSE='#'
ENABLE_VARIANCE_MODULE_TRUE=''
EXEEXT=''
F77='gfortran'
FFLAGS='-g -O2'
GREP='/bin/grep'
INSTALL_DATA='${INSTALL} -m 644'
INSTALL_PROGRAM='${INSTALL}'
INSTALL_SCRIPT='${INSTALL}'
INSTALL_STRIP_PROGRAM='$(install_sh) -c -s'
LDFLAGS=''
LIBFLAGS='-DTSLIB_INTERNAL'
LIBOBJS=' ${LIBOBJDIR}lstat$U.o ${LIBOBJDIR}stat$U.o'
LIBS='-ldl '
LIBTOOL='$(SHELL) $(top_builddir)/libtool'
LN_S='ln -s'
LTLIBOBJS=' ${LIBOBJDIR}lstat$U.lo ${LIBOBJDIR}stat$U.lo'
LT_AGE='1'
LT_CURRENT='1'
LT_RELEASE='0.0'
LT_REVISION='1'
MAKEINFO='${SHELL} /opt/FriendlyARM/mini2440/first_fs/my_drv/11th_ts/tslib/missing --run makeinfo'
OBJEXT='o'
PACKAGE='tslib'
PACKAGE_BUGREPORT='kergoth@handhelds.org'
PACKAGE_DESCRIPTION='Touchscreen Access Library'
PACKAGE_NAME='tslib'
PACKAGE_STRING='tslib 0.0.2'
PACKAGE_TARNAME='tslib'
PACKAGE_VERSION='0.0.2'
PATH_SEPARATOR=':'
PLUGIN_DIR='${libdir}/ts/'
RANLIB='arm-linux-ranlib'
SED='/bin/sed'
SET_MAKE=''
SHELL='/bin/sh'
STRIP='arm-linux-strip'
TS_CONF='${sysconfdir}/ts.conf'
VERSION='0.0.2'
VIS_CFLAGS=''
ac_ct_CC=''
ac_ct_CXX=''
ac_ct_F77='gfortran'
am__fastdepCC_FALSE='#'
am__fastdepCC_TRUE=''
am__fastdepCXX_FALSE='#'
am__fastdepCXX_TRUE=''
am__include='include'
am__isrc=''
am__leading_dot='.'
am__quote=''
am__tar='${AMTAR} chof - "$$tardir"'
am__untar='${AMTAR} xf -'
bindir='${exec_prefix}/bin'
build='i686-pc-linux-gnu'
build_alias=''
build_cpu='i686'
build_os='linux-gnu'
build_vendor='pc'
datadir='${datarootdir}'
datarootdir='${prefix}/share'
docdir='${datarootdir}/doc/${PACKAGE_TARNAME}'
dvidir='${docdir}'
exec_prefix='${prefix}'
host='arm-unknown-linux-gnu'
host_alias='arm-linux'
host_cpu='arm'
host_os='linux-gnu'
host_vendor='unknown'
htmldir='${docdir}'
includedir='${prefix}/include'
infodir='${datarootdir}/info'
install_sh='$(SHELL) /opt/FriendlyARM/mini2440/first_fs/my_drv/11th_ts/tslib/install-sh'
libdir='${exec_prefix}/lib'
libexecdir='${exec_prefix}/libexec'
localedir='${datarootdir}/locale'
localstatedir='${prefix}/var'
mandir='${datarootdir}/man'
mkdir_p='/bin/mkdir -p'
oldincludedir='/usr/include'
pdfdir='${docdir}'
prefix='/opt/FriendlyARM/mini2440/first_fs/my_drv/11th_ts/tslib/tmp'
program_transform_name='s,x,x,'
psdir='${docdir}'
sbindir='${exec_prefix}/sbin'
sharedstatedir='${prefix}/com'
sysconfdir='${prefix}/etc'
target_alias=''

## ----------- ##
## confdefs.h. ##
## ----------- ##

#define PACKAGE_NAME "tslib"
#define PACKAGE_TARNAME "tslib"
#define PACKAGE_VERSION "0.0.2"
#define PACKAGE_STRING "tslib 0.0.2"
#define PACKAGE_BUGREPORT "kergoth@handhelds.org"
#define PACKAGE "tslib"
#define VERSION "0.0.2"
#define STDC_HEADERS 1
#define HAVE_SYS_TYPES_H 1
#define HAVE_SYS_STAT_H 1
#define HAVE_STDLIB_H 1
#define HAVE_STRING_H 1
#define HAVE_MEMORY_H 1
#define HAVE_STRINGS_H 1
#define HAVE_INTTYPES_H 1
#define HAVE_STDINT_H 1
#define HAVE_UNISTD_H 1
#define HAVE_DLFCN_H 1
#define HAVE_LIBDL 1
#define HAVE_ALLOCA_H 1
#define HAVE_ALLOCA 1
#define STDC_HEADERS 1
#define HAVE_FCNTL_H 1
#define HAVE_LIMITS_H 1
#define HAVE_STDLIB_H 1
#define HAVE_STRING_H 1
#define HAVE_SYS_IOCTL_H 1
#define HAVE_SYS_TIME_H 1
#define HAVE_UNISTD_H 1
#define TIME_WITH_SYS_TIME 1
#define HAVE_STDLIB_H 1
#define HAVE_MALLOC 1
#define HAVE_STDLIB_H 1
#define HAVE_UNISTD_H 1
#define HAVE_GETPAGESIZE 1
#define HAVE_SYS_SELECT_H 1
#define HAVE_SYS_SOCKET_H 1
#define SELECT_TYPE_ARG1 int
#define SELECT_TYPE_ARG234 (fd_set *)
#define SELECT_TYPE_ARG5 (struct timeval *)
#define RETSIGTYPE void
#define HAVE_STAT_EMPTY_STRING_BUG 1
#define HAVE_VPRINTF 1
#define HAVE_BZERO 1
#define HAVE_GETTIMEOFDAY 1
#define HAVE_MEMMOVE 1
#define HAVE_MEMSET 1
#define HAVE_MUNMAP 1
#define HAVE_SELECT 1
#define HAVE_STRCASECMP 1
#define HAVE_STRCHR 1
#define HAVE_STRDUP 1
#define HAVE_STRTOUL 1

configure: exit 0
